2020-04-10 10:25:15 - INFO  - Starting RoverApplicationKt on jorge-TECRA-A50-C with PID 13116 (/home/jorge/Downloads/OCS_CodingTest/target/classes started by jorge in /home/jorge/Downloads/OCS_CodingTest)
2020-04-10 10:25:15 - INFO  - No active profile set, falling back to default profiles: default
2020-04-10 10:25:16 - INFO  - Tomcat initialized with port(s): 8080 (http)
2020-04-10 10:25:16 - INFO  - Starting service [Tomcat]
2020-04-10 10:25:16 - INFO  - Starting Servlet engine: [Apache Tomcat/9.0.33]
2020-04-10 10:25:16 - INFO  - Initializing Spring embedded WebApplicationContext
2020-04-10 10:25:16 - INFO  - Root WebApplicationContext: initialization completed in 790 ms
2020-04-10 10:25:16 - INFO  - Initializing ExecutorService 'applicationTaskExecutor'
2020-04-10 10:25:16 - INFO  - Tomcat started on port(s): 8080 (http) with context path ''
2020-04-10 10:25:16 - INFO  - Started RoverApplicationKt in 1.553 seconds (JVM running for 1.964)
2020-04-10 10:25:25 - INFO  - Initializing Spring DispatcherServlet 'dispatcherServlet'
2020-04-10 10:25:25 - INFO  - Initializing Servlet 'dispatcherServlet'
2020-04-10 10:25:25 - INFO  - Completed initialization in 4 ms
2020-04-10 10:27:18 - INFO  - Starting RoverApplicationKt on jorge-TECRA-A50-C with PID 13429 (/home/jorge/Downloads/OCS_CodingTest/target/classes started by jorge in /home/jorge/Downloads/OCS_CodingTest)
2020-04-10 10:27:18 - INFO  - No active profile set, falling back to default profiles: default
2020-04-10 10:27:19 - INFO  - Tomcat initialized with port(s): 8080 (http)
2020-04-10 10:27:19 - INFO  - Starting service [Tomcat]
2020-04-10 10:27:19 - INFO  - Starting Servlet engine: [Apache Tomcat/9.0.33]
2020-04-10 10:27:19 - INFO  - Initializing Spring embedded WebApplicationContext
2020-04-10 10:27:19 - INFO  - Root WebApplicationContext: initialization completed in 857 ms
2020-04-10 10:27:19 - INFO  - Initializing ExecutorService 'applicationTaskExecutor'
2020-04-10 10:27:19 - INFO  - Tomcat started on port(s): 8080 (http) with context path ''
2020-04-10 10:27:19 - INFO  - Started RoverApplicationKt in 1.684 seconds (JVM running for 2.062)
2020-04-10 10:27:27 - INFO  - Initializing Spring DispatcherServlet 'dispatcherServlet'
2020-04-10 10:27:27 - INFO  - Initializing Servlet 'dispatcherServlet'
2020-04-10 10:27:27 - INFO  - Completed initialization in 7 ms
2020-04-10 10:29:54 - INFO  - Starting RoverApplicationKt on jorge-TECRA-A50-C with PID 13803 (/home/jorge/Downloads/OCS_CodingTest/target/classes started by jorge in /home/jorge/Downloads/OCS_CodingTest)
2020-04-10 10:29:54 - INFO  - No active profile set, falling back to default profiles: default
2020-04-10 10:29:55 - INFO  - Tomcat initialized with port(s): 8080 (http)
2020-04-10 10:29:55 - INFO  - Starting service [Tomcat]
2020-04-10 10:29:55 - INFO  - Starting Servlet engine: [Apache Tomcat/9.0.33]
2020-04-10 10:29:55 - INFO  - Initializing Spring embedded WebApplicationContext
2020-04-10 10:29:55 - INFO  - Root WebApplicationContext: initialization completed in 829 ms
2020-04-10 10:29:55 - INFO  - Initializing ExecutorService 'applicationTaskExecutor'
2020-04-10 10:29:55 - INFO  - Tomcat started on port(s): 8080 (http) with context path ''
2020-04-10 10:29:55 - INFO  - Started RoverApplicationKt in 1.619 seconds (JVM running for 2.053)
2020-04-10 10:30:00 - INFO  - Initializing Spring DispatcherServlet 'dispatcherServlet'
2020-04-10 10:30:00 - INFO  - Initializing Servlet 'dispatcherServlet'
2020-04-10 10:30:00 - INFO  - Completed initialization in 4 ms
2020-04-10 10:43:04 - INFO  - Starting RoverApplicationKt on jorge-TECRA-A50-C with PID 15328 (/home/jorge/Downloads/OCS_CodingTest/target/classes started by jorge in /home/jorge/Downloads/OCS_CodingTest)
2020-04-10 10:43:04 - INFO  - No active profile set, falling back to default profiles: default
2020-04-10 10:43:05 - INFO  - Tomcat initialized with port(s): 8080 (http)
2020-04-10 10:43:05 - INFO  - Starting service [Tomcat]
2020-04-10 10:43:05 - INFO  - Starting Servlet engine: [Apache Tomcat/9.0.33]
2020-04-10 10:43:05 - INFO  - Initializing Spring embedded WebApplicationContext
2020-04-10 10:43:05 - INFO  - Root WebApplicationContext: initialization completed in 819 ms
2020-04-10 10:43:05 - INFO  - Initializing ExecutorService 'applicationTaskExecutor'
2020-04-10 10:43:05 - INFO  - Tomcat started on port(s): 8080 (http) with context path ''
2020-04-10 10:43:05 - INFO  - Started RoverApplicationKt in 1.553 seconds (JVM running for 1.888)
2020-04-10 10:43:16 - INFO  - Initializing Spring DispatcherServlet 'dispatcherServlet'
2020-04-10 10:43:16 - INFO  - Initializing Servlet 'dispatcherServlet'
2020-04-10 10:43:16 - INFO  - Completed initialization in 4 ms
2020-04-10 10:43:25 - INFO  - Taken sample: Ferrum from position: Position(x=0, y=0)
2020-04-10 10:43:36 - ERROR - Servlet.service() for servlet [dispatcherServlet] in context with path [] threw exception [Request processing failed; nested exception is java.lang.IndexOutOfBoundsException: Index 8 out of bounds for length 3] with root cause
java.lang.IndexOutOfBoundsException: Index 8 out of bounds for length 3
	at java.base/jdk.internal.util.Preconditions.outOfBounds(Preconditions.java:64)
	at java.base/jdk.internal.util.Preconditions.outOfBoundsCheckIndex(Preconditions.java:70)
	at java.base/jdk.internal.util.Preconditions.checkIndex(Preconditions.java:248)
	at java.base/java.util.Objects.checkIndex(Objects.java:372)
	at java.base/java.util.ArrayList.get(ArrayList.java:458)
	at com.olympic.channel.rover.application.MapService.getPosition(MapService.kt:10)
	at com.olympic.channel.rover.domain.Rover.takeSample(Rover.kt:56)
	at com.olympic.channel.rover.domain.Rover.access$takeSample(Rover.kt:10)
	at com.olympic.channel.rover.domain.Rover$doAction$12.invoke(Rover.kt:23)
	at com.olympic.channel.rover.domain.Rover$doAction$12.invoke(Rover.kt:10)
	at com.olympic.channel.rover.domain.Rover.processAction(Rover.kt:63)
	at com.olympic.channel.rover.domain.Rover.doAction(Rover.kt:23)
	at com.olympic.channel.rover.application.PathPlannerService.transmitActions(PathPlannerService.kt:18)
	at com.olympic.channel.rover.application.PathPlannerService.executePlan(PathPlannerService.kt:12)
	at com.olympic.channel.rover.infrastructure.spring.web.RoverController.executeMovementPlan(RoverController.kt:28)
	at java.base/jdk.internal.reflect.NativeMethodAccessorImpl.invoke0(Native Method)
	at java.base/jdk.internal.reflect.NativeMethodAccessorImpl.invoke(NativeMethodAccessorImpl.java:62)
	at java.base/jdk.internal.reflect.DelegatingMethodAccessorImpl.invoke(DelegatingMethodAccessorImpl.java:43)
	at java.base/java.lang.reflect.Method.invoke(Method.java:566)
	at org.springframework.web.method.support.InvocableHandlerMethod.doInvoke(InvocableHandlerMethod.java:190)
	at org.springframework.web.method.support.InvocableHandlerMethod.invokeForRequest(InvocableHandlerMethod.java:138)
	at org.springframework.web.servlet.mvc.method.annotation.ServletInvocableHandlerMethod.invokeAndHandle(ServletInvocableHandlerMethod.java:105)
	at org.springframework.web.servlet.mvc.method.annotation.RequestMappingHandlerAdapter.invokeHandlerMethod(RequestMappingHandlerAdapter.java:879)
	at org.springframework.web.servlet.mvc.method.annotation.RequestMappingHandlerAdapter.handleInternal(RequestMappingHandlerAdapter.java:793)
	at org.springframework.web.servlet.mvc.method.AbstractHandlerMethodAdapter.handle(AbstractHandlerMethodAdapter.java:87)
	at org.springframework.web.servlet.DispatcherServlet.doDispatch(DispatcherServlet.java:1040)
	at org.springframework.web.servlet.DispatcherServlet.doService(DispatcherServlet.java:943)
	at org.springframework.web.servlet.FrameworkServlet.processRequest(FrameworkServlet.java:1006)
	at org.springframework.web.servlet.FrameworkServlet.doPost(FrameworkServlet.java:909)
	at javax.servlet.http.HttpServlet.service(HttpServlet.java:660)
	at org.springframework.web.servlet.FrameworkServlet.service(FrameworkServlet.java:883)
	at javax.servlet.http.HttpServlet.service(HttpServlet.java:741)
	at org.apache.catalina.core.ApplicationFilterChain.internalDoFilter(ApplicationFilterChain.java:231)
	at org.apache.catalina.core.ApplicationFilterChain.doFilter(ApplicationFilterChain.java:166)
	at org.apache.tomcat.websocket.server.WsFilter.doFilter(WsFilter.java:53)
	at org.apache.catalina.core.ApplicationFilterChain.internalDoFilter(ApplicationFilterChain.java:193)
	at org.apache.catalina.core.ApplicationFilterChain.doFilter(ApplicationFilterChain.java:166)
	at org.springframework.web.filter.RequestContextFilter.doFilterInternal(RequestContextFilter.java:100)
	at org.springframework.web.filter.OncePerRequestFilter.doFilter(OncePerRequestFilter.java:119)
	at org.apache.catalina.core.ApplicationFilterChain.internalDoFilter(ApplicationFilterChain.java:193)
	at org.apache.catalina.core.ApplicationFilterChain.doFilter(ApplicationFilterChain.java:166)
	at org.springframework.web.filter.FormContentFilter.doFilterInternal(FormContentFilter.java:93)
	at org.springframework.web.filter.OncePerRequestFilter.doFilter(OncePerRequestFilter.java:119)
	at org.apache.catalina.core.ApplicationFilterChain.internalDoFilter(ApplicationFilterChain.java:193)
	at org.apache.catalina.core.ApplicationFilterChain.doFilter(ApplicationFilterChain.java:166)
	at org.springframework.web.filter.CharacterEncodingFilter.doFilterInternal(CharacterEncodingFilter.java:201)
	at org.springframework.web.filter.OncePerRequestFilter.doFilter(OncePerRequestFilter.java:119)
	at org.apache.catalina.core.ApplicationFilterChain.internalDoFilter(ApplicationFilterChain.java:193)
	at org.apache.catalina.core.ApplicationFilterChain.doFilter(ApplicationFilterChain.java:166)
	at org.apache.catalina.core.StandardWrapperValve.invoke(StandardWrapperValve.java:202)
	at org.apache.catalina.core.StandardContextValve.invoke(StandardContextValve.java:96)
	at org.apache.catalina.authenticator.AuthenticatorBase.invoke(AuthenticatorBase.java:541)
	at org.apache.catalina.core.StandardHostValve.invoke(StandardHostValve.java:139)
	at org.apache.catalina.valves.ErrorReportValve.invoke(ErrorReportValve.java:92)
	at org.apache.catalina.core.StandardEngineValve.invoke(StandardEngineValve.java:74)
	at org.apache.catalina.connector.CoyoteAdapter.service(CoyoteAdapter.java:343)
	at org.apache.coyote.http11.Http11Processor.service(Http11Processor.java:373)
	at org.apache.coyote.AbstractProcessorLight.process(AbstractProcessorLight.java:65)
	at org.apache.coyote.AbstractProtocol$ConnectionHandler.process(AbstractProtocol.java:868)
	at org.apache.tomcat.util.net.NioEndpoint$SocketProcessor.doRun(NioEndpoint.java:1594)
	at org.apache.tomcat.util.net.SocketProcessorBase.run(SocketProcessorBase.java:49)
	at java.base/java.util.concurrent.ThreadPoolExecutor.runWorker(ThreadPoolExecutor.java:1128)
	at java.base/java.util.concurrent.ThreadPoolExecutor$Worker.run(ThreadPoolExecutor.java:628)
	at org.apache.tomcat.util.threads.TaskThread$WrappingRunnable.run(TaskThread.java:61)
	at java.base/java.lang.Thread.run(Thread.java:834)
2020-04-10 10:45:38 - INFO  - Starting RoverApplicationKt on jorge-TECRA-A50-C with PID 15655 (/home/jorge/Downloads/OCS_CodingTest/target/classes started by jorge in /home/jorge/Downloads/OCS_CodingTest)
2020-04-10 10:45:38 - INFO  - No active profile set, falling back to default profiles: default
2020-04-10 10:45:39 - INFO  - Tomcat initialized with port(s): 8080 (http)
2020-04-10 10:45:39 - INFO  - Starting service [Tomcat]
2020-04-10 10:45:39 - INFO  - Starting Servlet engine: [Apache Tomcat/9.0.33]
2020-04-10 10:45:39 - INFO  - Initializing Spring embedded WebApplicationContext
2020-04-10 10:45:39 - INFO  - Root WebApplicationContext: initialization completed in 810 ms
2020-04-10 10:45:39 - INFO  - Initializing ExecutorService 'applicationTaskExecutor'
2020-04-10 10:45:40 - INFO  - Tomcat started on port(s): 8080 (http) with context path ''
2020-04-10 10:45:40 - INFO  - Started RoverApplicationKt in 1.616 seconds (JVM running for 2.006)
2020-04-10 10:45:46 - INFO  - Initializing Spring DispatcherServlet 'dispatcherServlet'
2020-04-10 10:45:46 - INFO  - Initializing Servlet 'dispatcherServlet'
2020-04-10 10:45:46 - INFO  - Completed initialization in 6 ms
2020-04-10 10:47:57 - INFO  - Starting RoverApplicationKt on jorge-TECRA-A50-C with PID 15958 (/home/jorge/Downloads/OCS_CodingTest/target/classes started by jorge in /home/jorge/Downloads/OCS_CodingTest)
2020-04-10 10:47:57 - INFO  - No active profile set, falling back to default profiles: default
2020-04-10 10:47:57 - INFO  - Tomcat initialized with port(s): 8080 (http)
2020-04-10 10:47:57 - INFO  - Starting service [Tomcat]
2020-04-10 10:47:57 - INFO  - Starting Servlet engine: [Apache Tomcat/9.0.33]
2020-04-10 10:47:57 - INFO  - Initializing Spring embedded WebApplicationContext
2020-04-10 10:47:57 - INFO  - Root WebApplicationContext: initialization completed in 852 ms
2020-04-10 10:47:58 - INFO  - Initializing ExecutorService 'applicationTaskExecutor'
2020-04-10 10:47:58 - INFO  - Tomcat started on port(s): 8080 (http) with context path ''
2020-04-10 10:47:58 - INFO  - Started RoverApplicationKt in 1.665 seconds (JVM running for 2.077)
2020-04-10 10:48:04 - INFO  - Initializing Spring DispatcherServlet 'dispatcherServlet'
2020-04-10 10:48:04 - INFO  - Initializing Servlet 'dispatcherServlet'
2020-04-10 10:48:05 - INFO  - Completed initialization in 7 ms
2020-04-10 10:53:27 - INFO  - Starting RoverApplicationKt on jorge-TECRA-A50-C with PID 16579 (/home/jorge/Downloads/OCS_CodingTest/target/classes started by jorge in /home/jorge/Downloads/OCS_CodingTest)
2020-04-10 10:53:27 - INFO  - No active profile set, falling back to default profiles: default
2020-04-10 10:53:27 - INFO  - Tomcat initialized with port(s): 8080 (http)
2020-04-10 10:53:28 - INFO  - Starting service [Tomcat]
2020-04-10 10:53:28 - INFO  - Starting Servlet engine: [Apache Tomcat/9.0.33]
2020-04-10 10:53:28 - INFO  - Initializing Spring embedded WebApplicationContext
2020-04-10 10:53:28 - INFO  - Root WebApplicationContext: initialization completed in 859 ms
2020-04-10 10:53:28 - INFO  - Initializing ExecutorService 'applicationTaskExecutor'
2020-04-10 10:53:28 - INFO  - Tomcat started on port(s): 8080 (http) with context path ''
2020-04-10 10:53:28 - INFO  - Started RoverApplicationKt in 1.626 seconds (JVM running for 2.005)
2020-04-10 10:53:33 - INFO  - Initializing Spring DispatcherServlet 'dispatcherServlet'
2020-04-10 10:53:33 - INFO  - Initializing Servlet 'dispatcherServlet'
2020-04-10 10:53:33 - INFO  - Completed initialization in 4 ms
2020-04-10 10:53:45 - ERROR - Servlet.service() for servlet [dispatcherServlet] in context with path [] threw exception [Request processing failed; nested exception is java.lang.IndexOutOfBoundsException: Index -1 out of bounds for length 3] with root cause
java.lang.IndexOutOfBoundsException: Index -1 out of bounds for length 3
	at java.base/jdk.internal.util.Preconditions.outOfBounds(Preconditions.java:64)
	at java.base/jdk.internal.util.Preconditions.outOfBoundsCheckIndex(Preconditions.java:70)
	at java.base/jdk.internal.util.Preconditions.checkIndex(Preconditions.java:248)
	at java.base/java.util.Objects.checkIndex(Objects.java:372)
	at java.base/java.util.ArrayList.get(ArrayList.java:458)
	at com.olympic.channel.rover.infrastructure.spring.validators.Validator$DefaultImpls.customValidateError(Validator.kt:44)
	at com.olympic.channel.rover.infrastructure.spring.web.RoverController.customValidateError(RoverController.kt:18)
	at com.olympic.channel.rover.infrastructure.spring.validators.Validator$DefaultImpls.validateInput(Validator.kt:20)
	at com.olympic.channel.rover.infrastructure.spring.web.RoverController.validateInput(RoverController.kt:18)
	at com.olympic.channel.rover.infrastructure.spring.web.RoverController.executeMovementPlan(RoverController.kt:26)
	at java.base/jdk.internal.reflect.NativeMethodAccessorImpl.invoke0(Native Method)
	at java.base/jdk.internal.reflect.NativeMethodAccessorImpl.invoke(NativeMethodAccessorImpl.java:62)
	at java.base/jdk.internal.reflect.DelegatingMethodAccessorImpl.invoke(DelegatingMethodAccessorImpl.java:43)
	at java.base/java.lang.reflect.Method.invoke(Method.java:566)
	at org.springframework.web.method.support.InvocableHandlerMethod.doInvoke(InvocableHandlerMethod.java:190)
	at org.springframework.web.method.support.InvocableHandlerMethod.invokeForRequest(InvocableHandlerMethod.java:138)
	at org.springframework.web.servlet.mvc.method.annotation.ServletInvocableHandlerMethod.invokeAndHandle(ServletInvocableHandlerMethod.java:105)
	at org.springframework.web.servlet.mvc.method.annotation.RequestMappingHandlerAdapter.invokeHandlerMethod(RequestMappingHandlerAdapter.java:879)
	at org.springframework.web.servlet.mvc.method.annotation.RequestMappingHandlerAdapter.handleInternal(RequestMappingHandlerAdapter.java:793)
	at org.springframework.web.servlet.mvc.method.AbstractHandlerMethodAdapter.handle(AbstractHandlerMethodAdapter.java:87)
	at org.springframework.web.servlet.DispatcherServlet.doDispatch(DispatcherServlet.java:1040)
	at org.springframework.web.servlet.DispatcherServlet.doService(DispatcherServlet.java:943)
	at org.springframework.web.servlet.FrameworkServlet.processRequest(FrameworkServlet.java:1006)
	at org.springframework.web.servlet.FrameworkServlet.doPost(FrameworkServlet.java:909)
	at javax.servlet.http.HttpServlet.service(HttpServlet.java:660)
	at org.springframework.web.servlet.FrameworkServlet.service(FrameworkServlet.java:883)
	at javax.servlet.http.HttpServlet.service(HttpServlet.java:741)
	at org.apache.catalina.core.ApplicationFilterChain.internalDoFilter(ApplicationFilterChain.java:231)
	at org.apache.catalina.core.ApplicationFilterChain.doFilter(ApplicationFilterChain.java:166)
	at org.apache.tomcat.websocket.server.WsFilter.doFilter(WsFilter.java:53)
	at org.apache.catalina.core.ApplicationFilterChain.internalDoFilter(ApplicationFilterChain.java:193)
	at org.apache.catalina.core.ApplicationFilterChain.doFilter(ApplicationFilterChain.java:166)
	at org.springframework.web.filter.RequestContextFilter.doFilterInternal(RequestContextFilter.java:100)
	at org.springframework.web.filter.OncePerRequestFilter.doFilter(OncePerRequestFilter.java:119)
	at org.apache.catalina.core.ApplicationFilterChain.internalDoFilter(ApplicationFilterChain.java:193)
	at org.apache.catalina.core.ApplicationFilterChain.doFilter(ApplicationFilterChain.java:166)
	at org.springframework.web.filter.FormContentFilter.doFilterInternal(FormContentFilter.java:93)
	at org.springframework.web.filter.OncePerRequestFilter.doFilter(OncePerRequestFilter.java:119)
	at org.apache.catalina.core.ApplicationFilterChain.internalDoFilter(ApplicationFilterChain.java:193)
	at org.apache.catalina.core.ApplicationFilterChain.doFilter(ApplicationFilterChain.java:166)
	at org.springframework.web.filter.CharacterEncodingFilter.doFilterInternal(CharacterEncodingFilter.java:201)
	at org.springframework.web.filter.OncePerRequestFilter.doFilter(OncePerRequestFilter.java:119)
	at org.apache.catalina.core.ApplicationFilterChain.internalDoFilter(ApplicationFilterChain.java:193)
	at org.apache.catalina.core.ApplicationFilterChain.doFilter(ApplicationFilterChain.java:166)
	at org.apache.catalina.core.StandardWrapperValve.invoke(StandardWrapperValve.java:202)
	at org.apache.catalina.core.StandardContextValve.invoke(StandardContextValve.java:96)
	at org.apache.catalina.authenticator.AuthenticatorBase.invoke(AuthenticatorBase.java:541)
	at org.apache.catalina.core.StandardHostValve.invoke(StandardHostValve.java:139)
	at org.apache.catalina.valves.ErrorReportValve.invoke(ErrorReportValve.java:92)
	at org.apache.catalina.core.StandardEngineValve.invoke(StandardEngineValve.java:74)
	at org.apache.catalina.connector.CoyoteAdapter.service(CoyoteAdapter.java:343)
	at org.apache.coyote.http11.Http11Processor.service(Http11Processor.java:373)
	at org.apache.coyote.AbstractProcessorLight.process(AbstractProcessorLight.java:65)
	at org.apache.coyote.AbstractProtocol$ConnectionHandler.process(AbstractProtocol.java:868)
	at org.apache.tomcat.util.net.NioEndpoint$SocketProcessor.doRun(NioEndpoint.java:1594)
	at org.apache.tomcat.util.net.SocketProcessorBase.run(SocketProcessorBase.java:49)
	at java.base/java.util.concurrent.ThreadPoolExecutor.runWorker(ThreadPoolExecutor.java:1128)
	at java.base/java.util.concurrent.ThreadPoolExecutor$Worker.run(ThreadPoolExecutor.java:628)
	at org.apache.tomcat.util.threads.TaskThread$WrappingRunnable.run(TaskThread.java:61)
	at java.base/java.lang.Thread.run(Thread.java:834)
2020-04-10 10:56:23 - INFO  - Starting RoverApplicationKt on jorge-TECRA-A50-C with PID 16998 (/home/jorge/Downloads/OCS_CodingTest/target/classes started by jorge in /home/jorge/Downloads/OCS_CodingTest)
2020-04-10 10:56:23 - INFO  - No active profile set, falling back to default profiles: default
2020-04-10 10:56:23 - INFO  - Tomcat initialized with port(s): 8080 (http)
2020-04-10 10:56:23 - INFO  - Starting service [Tomcat]
2020-04-10 10:56:23 - INFO  - Starting Servlet engine: [Apache Tomcat/9.0.33]
2020-04-10 10:56:23 - INFO  - Initializing Spring embedded WebApplicationContext
2020-04-10 10:56:23 - INFO  - Root WebApplicationContext: initialization completed in 840 ms
2020-04-10 10:56:24 - INFO  - Initializing ExecutorService 'applicationTaskExecutor'
2020-04-10 10:56:24 - INFO  - Tomcat started on port(s): 8080 (http) with context path ''
2020-04-10 10:56:24 - INFO  - Started RoverApplicationKt in 1.715 seconds (JVM running for 2.066)
2020-04-10 10:56:39 - INFO  - Initializing Spring DispatcherServlet 'dispatcherServlet'
2020-04-10 10:56:39 - INFO  - Initializing Servlet 'dispatcherServlet'
2020-04-10 10:56:39 - INFO  - Completed initialization in 5 ms
2020-04-10 10:56:39 - ERROR - Servlet.service() for servlet [dispatcherServlet] in context with path [] threw exception [Request processing failed; nested exception is java.lang.IndexOutOfBoundsException: Index -1 out of bounds for length 3] with root cause
java.lang.IndexOutOfBoundsException: Index -1 out of bounds for length 3
	at java.base/jdk.internal.util.Preconditions.outOfBounds(Preconditions.java:64)
	at java.base/jdk.internal.util.Preconditions.outOfBoundsCheckIndex(Preconditions.java:70)
	at java.base/jdk.internal.util.Preconditions.checkIndex(Preconditions.java:248)
	at java.base/java.util.Objects.checkIndex(Objects.java:372)
	at java.base/java.util.ArrayList.get(ArrayList.java:458)
	at com.olympic.channel.rover.infrastructure.spring.validators.Validator$DefaultImpls.customValidateError(Validator.kt:44)
	at com.olympic.channel.rover.infrastructure.spring.web.RoverController.customValidateError(RoverController.kt:18)
	at com.olympic.channel.rover.infrastructure.spring.validators.Validator$DefaultImpls.validateInput(Validator.kt:20)
	at com.olympic.channel.rover.infrastructure.spring.web.RoverController.validateInput(RoverController.kt:18)
	at com.olympic.channel.rover.infrastructure.spring.web.RoverController.executeMovementPlan(RoverController.kt:26)
	at java.base/jdk.internal.reflect.NativeMethodAccessorImpl.invoke0(Native Method)
	at java.base/jdk.internal.reflect.NativeMethodAccessorImpl.invoke(NativeMethodAccessorImpl.java:62)
	at java.base/jdk.internal.reflect.DelegatingMethodAccessorImpl.invoke(DelegatingMethodAccessorImpl.java:43)
	at java.base/java.lang.reflect.Method.invoke(Method.java:566)
	at org.springframework.web.method.support.InvocableHandlerMethod.doInvoke(InvocableHandlerMethod.java:190)
	at org.springframework.web.method.support.InvocableHandlerMethod.invokeForRequest(InvocableHandlerMethod.java:138)
	at org.springframework.web.servlet.mvc.method.annotation.ServletInvocableHandlerMethod.invokeAndHandle(ServletInvocableHandlerMethod.java:105)
	at org.springframework.web.servlet.mvc.method.annotation.RequestMappingHandlerAdapter.invokeHandlerMethod(RequestMappingHandlerAdapter.java:879)
	at org.springframework.web.servlet.mvc.method.annotation.RequestMappingHandlerAdapter.handleInternal(RequestMappingHandlerAdapter.java:793)
	at org.springframework.web.servlet.mvc.method.AbstractHandlerMethodAdapter.handle(AbstractHandlerMethodAdapter.java:87)
	at org.springframework.web.servlet.DispatcherServlet.doDispatch(DispatcherServlet.java:1040)
	at org.springframework.web.servlet.DispatcherServlet.doService(DispatcherServlet.java:943)
	at org.springframework.web.servlet.FrameworkServlet.processRequest(FrameworkServlet.java:1006)
	at org.springframework.web.servlet.FrameworkServlet.doPost(FrameworkServlet.java:909)
	at javax.servlet.http.HttpServlet.service(HttpServlet.java:660)
	at org.springframework.web.servlet.FrameworkServlet.service(FrameworkServlet.java:883)
	at javax.servlet.http.HttpServlet.service(HttpServlet.java:741)
	at org.apache.catalina.core.ApplicationFilterChain.internalDoFilter(ApplicationFilterChain.java:231)
	at org.apache.catalina.core.ApplicationFilterChain.doFilter(ApplicationFilterChain.java:166)
	at org.apache.tomcat.websocket.server.WsFilter.doFilter(WsFilter.java:53)
	at org.apache.catalina.core.ApplicationFilterChain.internalDoFilter(ApplicationFilterChain.java:193)
	at org.apache.catalina.core.ApplicationFilterChain.doFilter(ApplicationFilterChain.java:166)
	at org.springframework.web.filter.RequestContextFilter.doFilterInternal(RequestContextFilter.java:100)
	at org.springframework.web.filter.OncePerRequestFilter.doFilter(OncePerRequestFilter.java:119)
	at org.apache.catalina.core.ApplicationFilterChain.internalDoFilter(ApplicationFilterChain.java:193)
	at org.apache.catalina.core.ApplicationFilterChain.doFilter(ApplicationFilterChain.java:166)
	at org.springframework.web.filter.FormContentFilter.doFilterInternal(FormContentFilter.java:93)
	at org.springframework.web.filter.OncePerRequestFilter.doFilter(OncePerRequestFilter.java:119)
	at org.apache.catalina.core.ApplicationFilterChain.internalDoFilter(ApplicationFilterChain.java:193)
	at org.apache.catalina.core.ApplicationFilterChain.doFilter(ApplicationFilterChain.java:166)
	at org.springframework.web.filter.CharacterEncodingFilter.doFilterInternal(CharacterEncodingFilter.java:201)
	at org.springframework.web.filter.OncePerRequestFilter.doFilter(OncePerRequestFilter.java:119)
	at org.apache.catalina.core.ApplicationFilterChain.internalDoFilter(ApplicationFilterChain.java:193)
	at org.apache.catalina.core.ApplicationFilterChain.doFilter(ApplicationFilterChain.java:166)
	at org.apache.catalina.core.StandardWrapperValve.invoke(StandardWrapperValve.java:202)
	at org.apache.catalina.core.StandardContextValve.invoke(StandardContextValve.java:96)
	at org.apache.catalina.authenticator.AuthenticatorBase.invoke(AuthenticatorBase.java:541)
	at org.apache.catalina.core.StandardHostValve.invoke(StandardHostValve.java:139)
	at org.apache.catalina.valves.ErrorReportValve.invoke(ErrorReportValve.java:92)
	at org.apache.catalina.core.StandardEngineValve.invoke(StandardEngineValve.java:74)
	at org.apache.catalina.connector.CoyoteAdapter.service(CoyoteAdapter.java:343)
	at org.apache.coyote.http11.Http11Processor.service(Http11Processor.java:373)
	at org.apache.coyote.AbstractProcessorLight.process(AbstractProcessorLight.java:65)
	at org.apache.coyote.AbstractProtocol$ConnectionHandler.process(AbstractProtocol.java:868)
	at org.apache.tomcat.util.net.NioEndpoint$SocketProcessor.doRun(NioEndpoint.java:1594)
	at org.apache.tomcat.util.net.SocketProcessorBase.run(SocketProcessorBase.java:49)
	at java.base/java.util.concurrent.ThreadPoolExecutor.runWorker(ThreadPoolExecutor.java:1128)
	at java.base/java.util.concurrent.ThreadPoolExecutor$Worker.run(ThreadPoolExecutor.java:628)
	at org.apache.tomcat.util.threads.TaskThread$WrappingRunnable.run(TaskThread.java:61)
	at java.base/java.lang.Thread.run(Thread.java:834)
2020-04-10 10:56:42 - ERROR - Servlet.service() for servlet [dispatcherServlet] in context with path [] threw exception [Request processing failed; nested exception is java.lang.IndexOutOfBoundsException: Index -1 out of bounds for length 3] with root cause
java.lang.IndexOutOfBoundsException: Index -1 out of bounds for length 3
	at java.base/jdk.internal.util.Preconditions.outOfBounds(Preconditions.java:64)
	at java.base/jdk.internal.util.Preconditions.outOfBoundsCheckIndex(Preconditions.java:70)
	at java.base/jdk.internal.util.Preconditions.checkIndex(Preconditions.java:248)
	at java.base/java.util.Objects.checkIndex(Objects.java:372)
	at java.base/java.util.ArrayList.get(ArrayList.java:458)
	at com.olympic.channel.rover.infrastructure.spring.validators.Validator$DefaultImpls.customValidateError(Validator.kt:44)
	at com.olympic.channel.rover.infrastructure.spring.web.RoverController.customValidateError(RoverController.kt:18)
	at com.olympic.channel.rover.infrastructure.spring.validators.Validator$DefaultImpls.validateInput(Validator.kt:20)
	at com.olympic.channel.rover.infrastructure.spring.web.RoverController.validateInput(RoverController.kt:18)
	at com.olympic.channel.rover.infrastructure.spring.web.RoverController.executeMovementPlan(RoverController.kt:26)
	at java.base/jdk.internal.reflect.NativeMethodAccessorImpl.invoke0(Native Method)
	at java.base/jdk.internal.reflect.NativeMethodAccessorImpl.invoke(NativeMethodAccessorImpl.java:62)
	at java.base/jdk.internal.reflect.DelegatingMethodAccessorImpl.invoke(DelegatingMethodAccessorImpl.java:43)
	at java.base/java.lang.reflect.Method.invoke(Method.java:566)
	at org.springframework.web.method.support.InvocableHandlerMethod.doInvoke(InvocableHandlerMethod.java:190)
	at org.springframework.web.method.support.InvocableHandlerMethod.invokeForRequest(InvocableHandlerMethod.java:138)
	at org.springframework.web.servlet.mvc.method.annotation.ServletInvocableHandlerMethod.invokeAndHandle(ServletInvocableHandlerMethod.java:105)
	at org.springframework.web.servlet.mvc.method.annotation.RequestMappingHandlerAdapter.invokeHandlerMethod(RequestMappingHandlerAdapter.java:879)
	at org.springframework.web.servlet.mvc.method.annotation.RequestMappingHandlerAdapter.handleInternal(RequestMappingHandlerAdapter.java:793)
	at org.springframework.web.servlet.mvc.method.AbstractHandlerMethodAdapter.handle(AbstractHandlerMethodAdapter.java:87)
	at org.springframework.web.servlet.DispatcherServlet.doDispatch(DispatcherServlet.java:1040)
	at org.springframework.web.servlet.DispatcherServlet.doService(DispatcherServlet.java:943)
	at org.springframework.web.servlet.FrameworkServlet.processRequest(FrameworkServlet.java:1006)
	at org.springframework.web.servlet.FrameworkServlet.doPost(FrameworkServlet.java:909)
	at javax.servlet.http.HttpServlet.service(HttpServlet.java:660)
	at org.springframework.web.servlet.FrameworkServlet.service(FrameworkServlet.java:883)
	at javax.servlet.http.HttpServlet.service(HttpServlet.java:741)
	at org.apache.catalina.core.ApplicationFilterChain.internalDoFilter(ApplicationFilterChain.java:231)
	at org.apache.catalina.core.ApplicationFilterChain.doFilter(ApplicationFilterChain.java:166)
	at org.apache.tomcat.websocket.server.WsFilter.doFilter(WsFilter.java:53)
	at org.apache.catalina.core.ApplicationFilterChain.internalDoFilter(ApplicationFilterChain.java:193)
	at org.apache.catalina.core.ApplicationFilterChain.doFilter(ApplicationFilterChain.java:166)
	at org.springframework.web.filter.RequestContextFilter.doFilterInternal(RequestContextFilter.java:100)
	at org.springframework.web.filter.OncePerRequestFilter.doFilter(OncePerRequestFilter.java:119)
	at org.apache.catalina.core.ApplicationFilterChain.internalDoFilter(ApplicationFilterChain.java:193)
	at org.apache.catalina.core.ApplicationFilterChain.doFilter(ApplicationFilterChain.java:166)
	at org.springframework.web.filter.FormContentFilter.doFilterInternal(FormContentFilter.java:93)
	at org.springframework.web.filter.OncePerRequestFilter.doFilter(OncePerRequestFilter.java:119)
	at org.apache.catalina.core.ApplicationFilterChain.internalDoFilter(ApplicationFilterChain.java:193)
	at org.apache.catalina.core.ApplicationFilterChain.doFilter(ApplicationFilterChain.java:166)
	at org.springframework.web.filter.CharacterEncodingFilter.doFilterInternal(CharacterEncodingFilter.java:201)
	at org.springframework.web.filter.OncePerRequestFilter.doFilter(OncePerRequestFilter.java:119)
	at org.apache.catalina.core.ApplicationFilterChain.internalDoFilter(ApplicationFilterChain.java:193)
	at org.apache.catalina.core.ApplicationFilterChain.doFilter(ApplicationFilterChain.java:166)
	at org.apache.catalina.core.StandardWrapperValve.invoke(StandardWrapperValve.java:202)
	at org.apache.catalina.core.StandardContextValve.invoke(StandardContextValve.java:96)
	at org.apache.catalina.authenticator.AuthenticatorBase.invoke(AuthenticatorBase.java:541)
	at org.apache.catalina.core.StandardHostValve.invoke(StandardHostValve.java:139)
	at org.apache.catalina.valves.ErrorReportValve.invoke(ErrorReportValve.java:92)
	at org.apache.catalina.core.StandardEngineValve.invoke(StandardEngineValve.java:74)
	at org.apache.catalina.connector.CoyoteAdapter.service(CoyoteAdapter.java:343)
	at org.apache.coyote.http11.Http11Processor.service(Http11Processor.java:373)
	at org.apache.coyote.AbstractProcessorLight.process(AbstractProcessorLight.java:65)
	at org.apache.coyote.AbstractProtocol$ConnectionHandler.process(AbstractProtocol.java:868)
	at org.apache.tomcat.util.net.NioEndpoint$SocketProcessor.doRun(NioEndpoint.java:1594)
	at org.apache.tomcat.util.net.SocketProcessorBase.run(SocketProcessorBase.java:49)
	at java.base/java.util.concurrent.ThreadPoolExecutor.runWorker(ThreadPoolExecutor.java:1128)
	at java.base/java.util.concurrent.ThreadPoolExecutor$Worker.run(ThreadPoolExecutor.java:628)
	at org.apache.tomcat.util.threads.TaskThread$WrappingRunnable.run(TaskThread.java:61)
	at java.base/java.lang.Thread.run(Thread.java:834)
2020-04-10 11:01:54 - INFO  - Starting RoverApplicationKt on jorge-TECRA-A50-C with PID 17620 (/home/jorge/Downloads/OCS_CodingTest/target/classes started by jorge in /home/jorge/Downloads/OCS_CodingTest)
2020-04-10 11:01:54 - INFO  - No active profile set, falling back to default profiles: default
2020-04-10 11:01:55 - INFO  - Tomcat initialized with port(s): 8080 (http)
2020-04-10 11:01:55 - INFO  - Starting service [Tomcat]
2020-04-10 11:01:55 - INFO  - Starting Servlet engine: [Apache Tomcat/9.0.33]
2020-04-10 11:01:55 - INFO  - Initializing Spring embedded WebApplicationContext
2020-04-10 11:01:55 - INFO  - Root WebApplicationContext: initialization completed in 861 ms
2020-04-10 11:01:55 - INFO  - Initializing ExecutorService 'applicationTaskExecutor'
2020-04-10 11:01:55 - INFO  - Tomcat started on port(s): 8080 (http) with context path ''
2020-04-10 11:01:55 - INFO  - Started RoverApplicationKt in 1.691 seconds (JVM running for 2.085)
2020-04-10 11:02:00 - INFO  - Initializing Spring DispatcherServlet 'dispatcherServlet'
2020-04-10 11:02:00 - INFO  - Initializing Servlet 'dispatcherServlet'
2020-04-10 11:02:00 - INFO  - Completed initialization in 5 ms
2020-04-10 11:02:01 - ERROR - Servlet.service() for servlet [dispatcherServlet] in context with path [] threw exception [Request processing failed; nested exception is java.lang.IndexOutOfBoundsException: Index -1 out of bounds for length 3] with root cause
java.lang.IndexOutOfBoundsException: Index -1 out of bounds for length 3
	at java.base/jdk.internal.util.Preconditions.outOfBounds(Preconditions.java:64)
	at java.base/jdk.internal.util.Preconditions.outOfBoundsCheckIndex(Preconditions.java:70)
	at java.base/jdk.internal.util.Preconditions.checkIndex(Preconditions.java:248)
	at java.base/java.util.Objects.checkIndex(Objects.java:372)
	at java.base/java.util.ArrayList.get(ArrayList.java:458)
	at com.olympic.channel.rover.infrastructure.spring.validators.Validator$DefaultImpls.customValidateError(Validator.kt:44)
	at com.olympic.channel.rover.infrastructure.spring.web.RoverController.customValidateError(RoverController.kt:18)
	at com.olympic.channel.rover.infrastructure.spring.validators.Validator$DefaultImpls.validateInput(Validator.kt:20)
	at com.olympic.channel.rover.infrastructure.spring.web.RoverController.validateInput(RoverController.kt:18)
	at com.olympic.channel.rover.infrastructure.spring.web.RoverController.executeMovementPlan(RoverController.kt:26)
	at java.base/jdk.internal.reflect.NativeMethodAccessorImpl.invoke0(Native Method)
	at java.base/jdk.internal.reflect.NativeMethodAccessorImpl.invoke(NativeMethodAccessorImpl.java:62)
	at java.base/jdk.internal.reflect.DelegatingMethodAccessorImpl.invoke(DelegatingMethodAccessorImpl.java:43)
	at java.base/java.lang.reflect.Method.invoke(Method.java:566)
	at org.springframework.web.method.support.InvocableHandlerMethod.doInvoke(InvocableHandlerMethod.java:190)
	at org.springframework.web.method.support.InvocableHandlerMethod.invokeForRequest(InvocableHandlerMethod.java:138)
	at org.springframework.web.servlet.mvc.method.annotation.ServletInvocableHandlerMethod.invokeAndHandle(ServletInvocableHandlerMethod.java:105)
	at org.springframework.web.servlet.mvc.method.annotation.RequestMappingHandlerAdapter.invokeHandlerMethod(RequestMappingHandlerAdapter.java:879)
	at org.springframework.web.servlet.mvc.method.annotation.RequestMappingHandlerAdapter.handleInternal(RequestMappingHandlerAdapter.java:793)
	at org.springframework.web.servlet.mvc.method.AbstractHandlerMethodAdapter.handle(AbstractHandlerMethodAdapter.java:87)
	at org.springframework.web.servlet.DispatcherServlet.doDispatch(DispatcherServlet.java:1040)
	at org.springframework.web.servlet.DispatcherServlet.doService(DispatcherServlet.java:943)
	at org.springframework.web.servlet.FrameworkServlet.processRequest(FrameworkServlet.java:1006)
	at org.springframework.web.servlet.FrameworkServlet.doPost(FrameworkServlet.java:909)
	at javax.servlet.http.HttpServlet.service(HttpServlet.java:660)
	at org.springframework.web.servlet.FrameworkServlet.service(FrameworkServlet.java:883)
	at javax.servlet.http.HttpServlet.service(HttpServlet.java:741)
	at org.apache.catalina.core.ApplicationFilterChain.internalDoFilter(ApplicationFilterChain.java:231)
	at org.apache.catalina.core.ApplicationFilterChain.doFilter(ApplicationFilterChain.java:166)
	at org.apache.tomcat.websocket.server.WsFilter.doFilter(WsFilter.java:53)
	at org.apache.catalina.core.ApplicationFilterChain.internalDoFilter(ApplicationFilterChain.java:193)
	at org.apache.catalina.core.ApplicationFilterChain.doFilter(ApplicationFilterChain.java:166)
	at org.springframework.web.filter.RequestContextFilter.doFilterInternal(RequestContextFilter.java:100)
	at org.springframework.web.filter.OncePerRequestFilter.doFilter(OncePerRequestFilter.java:119)
	at org.apache.catalina.core.ApplicationFilterChain.internalDoFilter(ApplicationFilterChain.java:193)
	at org.apache.catalina.core.ApplicationFilterChain.doFilter(ApplicationFilterChain.java:166)
	at org.springframework.web.filter.FormContentFilter.doFilterInternal(FormContentFilter.java:93)
	at org.springframework.web.filter.OncePerRequestFilter.doFilter(OncePerRequestFilter.java:119)
	at org.apache.catalina.core.ApplicationFilterChain.internalDoFilter(ApplicationFilterChain.java:193)
	at org.apache.catalina.core.ApplicationFilterChain.doFilter(ApplicationFilterChain.java:166)
	at org.springframework.web.filter.CharacterEncodingFilter.doFilterInternal(CharacterEncodingFilter.java:201)
	at org.springframework.web.filter.OncePerRequestFilter.doFilter(OncePerRequestFilter.java:119)
	at org.apache.catalina.core.ApplicationFilterChain.internalDoFilter(ApplicationFilterChain.java:193)
	at org.apache.catalina.core.ApplicationFilterChain.doFilter(ApplicationFilterChain.java:166)
	at org.apache.catalina.core.StandardWrapperValve.invoke(StandardWrapperValve.java:202)
	at org.apache.catalina.core.StandardContextValve.invoke(StandardContextValve.java:96)
	at org.apache.catalina.authenticator.AuthenticatorBase.invoke(AuthenticatorBase.java:541)
	at org.apache.catalina.core.StandardHostValve.invoke(StandardHostValve.java:139)
	at org.apache.catalina.valves.ErrorReportValve.invoke(ErrorReportValve.java:92)
	at org.apache.catalina.core.StandardEngineValve.invoke(StandardEngineValve.java:74)
	at org.apache.catalina.connector.CoyoteAdapter.service(CoyoteAdapter.java:343)
	at org.apache.coyote.http11.Http11Processor.service(Http11Processor.java:373)
	at org.apache.coyote.AbstractProcessorLight.process(AbstractProcessorLight.java:65)
	at org.apache.coyote.AbstractProtocol$ConnectionHandler.process(AbstractProtocol.java:868)
	at org.apache.tomcat.util.net.NioEndpoint$SocketProcessor.doRun(NioEndpoint.java:1594)
	at org.apache.tomcat.util.net.SocketProcessorBase.run(SocketProcessorBase.java:49)
	at java.base/java.util.concurrent.ThreadPoolExecutor.runWorker(ThreadPoolExecutor.java:1128)
	at java.base/java.util.concurrent.ThreadPoolExecutor$Worker.run(ThreadPoolExecutor.java:628)
	at org.apache.tomcat.util.threads.TaskThread$WrappingRunnable.run(TaskThread.java:61)
	at java.base/java.lang.Thread.run(Thread.java:834)
2020-04-10 11:02:40 - INFO  - Starting RoverApplicationKt on jorge-TECRA-A50-C with PID 17801 (/home/jorge/Downloads/OCS_CodingTest/target/classes started by jorge in /home/jorge/Downloads/OCS_CodingTest)
2020-04-10 11:02:40 - INFO  - No active profile set, falling back to default profiles: default
2020-04-10 11:02:41 - INFO  - Tomcat initialized with port(s): 8080 (http)
2020-04-10 11:02:41 - INFO  - Starting service [Tomcat]
2020-04-10 11:02:41 - INFO  - Starting Servlet engine: [Apache Tomcat/9.0.33]
2020-04-10 11:02:41 - INFO  - Initializing Spring embedded WebApplicationContext
2020-04-10 11:02:41 - INFO  - Root WebApplicationContext: initialization completed in 867 ms
2020-04-10 11:02:41 - INFO  - Initializing ExecutorService 'applicationTaskExecutor'
2020-04-10 11:02:42 - INFO  - Tomcat started on port(s): 8080 (http) with context path ''
2020-04-10 11:02:42 - INFO  - Started RoverApplicationKt in 1.705 seconds (JVM running for 2.128)
2020-04-10 11:02:53 - INFO  - Initializing Spring DispatcherServlet 'dispatcherServlet'
2020-04-10 11:02:53 - INFO  - Initializing Servlet 'dispatcherServlet'
2020-04-10 11:02:53 - INFO  - Completed initialization in 7 ms
2020-04-10 11:13:33 - INFO  - Starting RoverApplicationKt on jorge-TECRA-A50-C with PID 18974 (/home/jorge/Downloads/OCS_CodingTest/target/classes started by jorge in /home/jorge/Downloads/OCS_CodingTest)
2020-04-10 11:13:33 - INFO  - No active profile set, falling back to default profiles: default
2020-04-10 11:13:34 - INFO  - Tomcat initialized with port(s): 8080 (http)
2020-04-10 11:13:34 - INFO  - Starting service [Tomcat]
2020-04-10 11:13:34 - INFO  - Starting Servlet engine: [Apache Tomcat/9.0.33]
2020-04-10 11:13:34 - INFO  - Initializing Spring embedded WebApplicationContext
2020-04-10 11:13:34 - INFO  - Root WebApplicationContext: initialization completed in 1002 ms
2020-04-10 11:13:34 - INFO  - Initializing ExecutorService 'applicationTaskExecutor'
2020-04-10 11:13:34 - INFO  - Tomcat started on port(s): 8080 (http) with context path ''
2020-04-10 11:13:34 - INFO  - Started RoverApplicationKt in 1.801 seconds (JVM running for 2.152)
2020-04-10 11:13:46 - INFO  - Initializing Spring DispatcherServlet 'dispatcherServlet'
2020-04-10 11:13:46 - INFO  - Initializing Servlet 'dispatcherServlet'
2020-04-10 11:13:46 - INFO  - Completed initialization in 11 ms
2020-04-10 11:14:10 - INFO  - Taken sample: Ferrum from position: Position(x=0, y=0)
2020-04-10 11:15:13 - INFO  - Taken sample: Ferrum from position: Position(x=0, y=0)
2020-04-10 11:15:44 - INFO  - Taken sample: Ferrum from position: Position(x=0, y=0)
2020-04-10 11:15:44 - INFO  - Moving from: Position(x=0, y=0) to Position(x=1, y=0)
2020-04-10 11:15:44 - INFO  - Taken sample: Ferrum from position: Position(x=1, y=0)
2020-04-10 11:15:44 - INFO  - Turning Right from: East to South
2020-04-10 11:15:44 - INFO  - Moving from: Position(x=1, y=0) to Position(x=1, y=1)
2020-04-10 11:15:44 - INFO  - Taken sample: Silicon from position: Position(x=1, y=1)
2020-04-10 11:15:44 - INFO  - Recharging battery from: 18 to  28
2020-04-10 11:15:44 - INFO  - Turning Right from: South to West
2020-04-10 11:15:44 - INFO  - Moving from: Position(x=1, y=1) to Position(x=0, y=1)
2020-04-10 11:15:44 - INFO  - Taken sample: Water from position: Position(x=0, y=1)
2020-04-10 11:16:08 - INFO  - Taken sample: Ferrum from position: Position(x=0, y=0)
2020-04-10 11:25:40 - INFO  - Starting RoverApplicationKt on jorge-TECRA-A50-C with PID 21158 (/home/jorge/Downloads/OCS_CodingTest/target/classes started by jorge in /home/jorge/Downloads/OCS_CodingTest)
2020-04-10 11:25:40 - INFO  - No active profile set, falling back to default profiles: default
2020-04-10 11:25:41 - INFO  - Tomcat initialized with port(s): 8080 (http)
2020-04-10 11:25:41 - INFO  - Starting service [Tomcat]
2020-04-10 11:25:41 - INFO  - Starting Servlet engine: [Apache Tomcat/9.0.33]
2020-04-10 11:25:41 - INFO  - Initializing Spring embedded WebApplicationContext
2020-04-10 11:25:41 - INFO  - Root WebApplicationContext: initialization completed in 793 ms
2020-04-10 11:25:41 - INFO  - Initializing ExecutorService 'applicationTaskExecutor'
2020-04-10 11:25:41 - INFO  - Tomcat started on port(s): 8080 (http) with context path ''
2020-04-10 11:25:41 - INFO  - Started RoverApplicationKt in 1.647 seconds (JVM running for 2.066)
2020-04-10 11:26:15 - INFO  - Initializing Spring DispatcherServlet 'dispatcherServlet'
2020-04-10 11:26:15 - INFO  - Initializing Servlet 'dispatcherServlet'
2020-04-10 11:26:15 - INFO  - Completed initialization in 6 ms
2020-04-10 12:18:49 - INFO  - Starting RoverApplicationKt v0.0.1-SNAPSHOT on jorge-TECRA-A50-C with PID 29158 (/home/jorge/Downloads/OCS_CodingTest/target/obs_test.jar started by jorge in /home/jorge/Downloads/OCS_CodingTest)
2020-04-10 12:18:49 - INFO  - No active profile set, falling back to default profiles: default
2020-04-10 12:18:51 - INFO  - Tomcat initialized with port(s): 8080 (http)
2020-04-10 12:18:51 - INFO  - Starting service [Tomcat]
2020-04-10 12:18:51 - INFO  - Starting Servlet engine: [Apache Tomcat/9.0.33]
2020-04-10 12:18:51 - INFO  - Initializing Spring embedded WebApplicationContext
2020-04-10 12:18:51 - INFO  - Root WebApplicationContext: initialization completed in 1912 ms
2020-04-10 12:18:52 - INFO  - Initializing ExecutorService 'applicationTaskExecutor'
2020-04-10 12:18:52 - INFO  - Tomcat started on port(s): 8080 (http) with context path ''
2020-04-10 12:18:52 - INFO  - Started RoverApplicationKt in 4.077 seconds (JVM running for 5.023)
2020-04-10 12:18:57 - INFO  - Shutting down ExecutorService 'applicationTaskExecutor'
2020-04-10 12:22:46 - INFO  - Starting RoverApplicationKt v0.0.1-SNAPSHOT on jorge-TECRA-A50-C with PID 29769 (/home/jorge/Downloads/OCS_CodingTest/target/obs_test.jar started by jorge in /home/jorge/Downloads/OCS_CodingTest)
2020-04-10 12:22:46 - INFO  - No active profile set, falling back to default profiles: default
2020-04-10 12:22:48 - INFO  - Tomcat initialized with port(s): 8080 (http)
2020-04-10 12:22:48 - INFO  - Starting service [Tomcat]
2020-04-10 12:22:48 - INFO  - Starting Servlet engine: [Apache Tomcat/9.0.33]
2020-04-10 12:22:48 - INFO  - Initializing Spring embedded WebApplicationContext
2020-04-10 12:22:48 - INFO  - Root WebApplicationContext: initialization completed in 1593 ms
2020-04-10 12:22:49 - INFO  - Initializing ExecutorService 'applicationTaskExecutor'
2020-04-10 12:22:49 - INFO  - Tomcat started on port(s): 8080 (http) with context path ''
2020-04-10 12:22:49 - INFO  - Started RoverApplicationKt in 3.599 seconds (JVM running for 4.455)
2020-04-10 12:23:28 - INFO  - Initializing Spring DispatcherServlet 'dispatcherServlet'
2020-04-10 12:23:28 - INFO  - Initializing Servlet 'dispatcherServlet'
2020-04-10 12:23:28 - INFO  - Completed initialization in 13 ms
2020-04-10 12:23:29 - INFO  - Taken sample: Ferrum from position: Position(x=0, y=0)
2020-04-10 12:23:29 - INFO  - Moving from: Position(x=0, y=0) to Position(x=1, y=0)
2020-04-10 12:23:29 - INFO  - Taken sample: Ferrum from position: Position(x=1, y=0)
2020-04-10 12:23:29 - INFO  - Turning Right from: East to South
2020-04-10 12:23:29 - INFO  - Moving from: Position(x=1, y=0) to Position(x=1, y=1)
2020-04-10 12:23:29 - INFO  - Taken sample: Silicon from position: Position(x=1, y=1)
2020-04-10 12:23:29 - INFO  - Recharging battery from: 18 to  28
2020-04-10 12:23:29 - INFO  - Turning Right from: South to West
2020-04-10 12:23:29 - INFO  - Moving from: Position(x=1, y=1) to Position(x=0, y=1)
2020-04-10 12:23:29 - INFO  - Taken sample: Water from position: Position(x=0, y=1)
2020-04-10 12:24:08 - INFO  - Moving from: Position(x=0, y=0) to Position(x=1, y=0)
2020-04-10 12:24:08 - INFO  - Taken sample: Ferrum from position: Position(x=1, y=0)
2020-04-10 12:24:08 - INFO  - Turning Right from: East to South
2020-04-10 12:24:08 - INFO  - Moving from: Position(x=1, y=0) to Position(x=1, y=1)
2020-04-10 12:24:08 - INFO  - Taken sample: Silicon from position: Position(x=1, y=1)
2020-04-10 12:24:08 - INFO  - Turning Right from: South to West
2020-04-10 12:24:08 - INFO  - Moving from: Position(x=1, y=1) to Position(x=0, y=1)
2020-04-10 12:24:08 - INFO  - Turning left from: West to South
2020-04-10 12:24:08 - INFO  - Moving from: Position(x=0, y=1) to Position(x=0, y=2)
2020-04-10 12:24:08 - INFO  - Taken sample: Water from position: Position(x=0, y=2)
2020-04-10 12:26:33 - INFO  - Moving from: Position(x=0, y=0) to Position(x=1, y=0)
2020-04-10 12:26:33 - INFO  - Taken sample: Ferrum from position: Position(x=1, y=0)
2020-04-10 12:26:33 - INFO  - Turning Right from: East to South
2020-04-10 12:26:33 - INFO  - Moving from: Position(x=1, y=0) to Position(x=1, y=1)
2020-04-10 12:26:33 - INFO  - Taken sample: Silicon from position: Position(x=1, y=1)
2020-04-10 12:26:33 - INFO  - Turning Right from: South to West
2020-04-10 12:26:33 - INFO  - Moving from: Position(x=1, y=1) to Position(x=0, y=1)
2020-04-10 12:26:33 - INFO  - Turning left from: West to South
2020-04-10 12:26:33 - INFO  - Moving from: Position(x=0, y=1) to Position(x=0, y=2)
2020-04-10 12:26:33 - INFO  - Taken sample: Water from position: Position(x=0, y=2)
2020-04-10 12:26:40 - INFO  - Shutting down ExecutorService 'applicationTaskExecutor'
